0 info it worked if it ends with ok
1 verbose cli [ '/usr/local/opt/nvm/versions/node/v0.12.0/bin/node',
1 verbose cli   '/usr/local/opt/nvm/versions/node/v0.12.0/bin/npm',
1 verbose cli   'start' ]
2 info using npm@2.5.1
3 info using node@v0.12.0
4 verbose node symlink /usr/local/opt/nvm/versions/node/v0.12.0/bin/node
5 verbose run-script [ 'prestart', 'start', 'poststart' ]
6 info prestart hdubook@0.0.0
7 info start hdubook@0.0.0
8 verbose unsafe-perm in lifecycle true
9 info hdubook@0.0.0 Failed to exec start script
10 verbose stack Error: hdubook@0.0.0 start: `supervisor ./bin/www`
10 verbose stack Exit status 1
10 verbose stack     at EventEmitter.<anonymous> (/usr/local/Cellar/nvm/0.23.3/versions/node/v0.12.0/lib/node_modules/npm/lib/utils/lifecycle.js:213:16)
10 verbose stack     at EventEmitter.emit (events.js:110:17)
10 verbose stack     at ChildProcess.<anonymous> (/usr/local/Cellar/nvm/0.23.3/versions/node/v0.12.0/lib/node_modules/npm/lib/utils/spawn.js:14:12)
10 verbose stack     at ChildProcess.emit (events.js:110:17)
10 verbose stack     at maybeClose (child_process.js:1008:16)
10 verbose stack     at Process.ChildProcess._handle.onexit (child_process.js:1080:5)
11 verbose pkgid hdubook@0.0.0
12 verbose cwd /code/hdubook
13 error Darwin 14.1.0
14 error argv "/usr/local/opt/nvm/versions/node/v0.12.0/bin/node" "/usr/local/opt/nvm/versions/node/v0.12.0/bin/npm" "start"
15 error node v0.12.0
16 error npm  v2.5.1
17 error code ELIFECYCLE
18 error hdubook@0.0.0 start: `supervisor ./bin/www`
18 error Exit status 1
19 error Failed at the hdubook@0.0.0 start script 'supervisor ./bin/www'.
19 error This is most likely a problem with the hdubook package,
19 error not with npm itself.
19 error Tell the author that this fails on your system:
19 error     supervisor ./bin/www
19 error You can get their info via:
19 error     npm owner ls hdubook
19 error There is likely additional logging output above.
20 verbose exit [ 1, true ]
